2026-07-03 15:35:29,880 - INFO - Starting Flet app...
2026-07-03 15:35:29,880 - DEBUG - Using selector: EpollSelector
2026-07-03 15:35:29,881 - INFO - Assets path configured: /home/henry/Documents/Projects/Python/ScrcpyUltimateLink/assets
2026-07-03 15:35:29,884 - DEBUG - Creating new PubSubHub instance
2026-07-03 15:35:29,885 - INFO - Starting up UDS server on /tmp/G91dN2lhKW
2026-07-03 15:35:29,885 - INFO - Flet app has started...
2026-07-03 15:35:29,915 - INFO - App URL: /tmp/G91dN2lhKW
2026-07-03 15:35:29,915 - INFO - Starting Flet View app...
2026-07-03 15:35:29,919 - INFO - Flet client found in cache: /home/henry/.flet/client/flet-desktop-light-0.85.2
2026-07-03 15:35:30,769 - DEBUG - No active connection to terminate.
2026-07-03 15:35:30,770 - DEBUG - Connected new socket client
2026-07-03 15:35:30,774 - DEBUG - _on_message: ClientAction.REGISTER_CLIENT {'session_id': None, 'page_name': 'tmp/G91dN2lhKW', 'page': {'route': '/', 'pwa': False, 'web': False, 'debug': False, 'wasm': False, 'test': False, 'multi_view': False, 'pyodide': False, 'platform_brightness': 'light', 'width': 1280.0, 'height': 720.0, 'platform': 'linux', 'window': {'maximized': False, 'minimized': False, 'full_screen': False, 'always_on_top': False, 'focused': False, 'visible': True, 'width': 1280.0, 'height': 720.0, 'top': 42.0, 'left': 42.0, 'opacity': 1.0}, 'media': {'padding': {'top': 0.0, 'right': 0.0, 'bottom': 0.0, 'left': 0.0}, 'view_padding': {'top': 0.0, 'right': 0.0, 'bottom': 0.0, 'left': 0.0}, 'view_insets': {'top': 0.0, 'right': 0.0, 'bottom': 0.0, 'left': 0.0}, 'device_pixel_ratio': 1.0, 'orientation': 'landscape', 'always_use_24_hour_format': True}}}
2026-07-03 15:35:30,787 - DEBUG - Page(1 - 133376773443120).did_mount()
2026-07-03 15:35:30,792 - DEBUG - View(3 - 133376770623248).did_mount()
2026-07-03 15:35:30,792 - DEBUG - Overlay(4 - 133376770623776).did_mount()
2026-07-03 15:35:30,792 - DEBUG - Dialogs(5 - 133376773061904).did_mount()
2026-07-03 15:35:30,792 - DEBUG - Window(2 - 133376770622912).did_mount()
2026-07-03 15:35:30,792 - DEBUG - ServiceRegistry(7 - 133376772429904).did_mount()
2026-07-03 15:35:30,802 - DEBUG - send_message: ClientMessage(action=<ClientAction.REGISTER_CLIENT: 1>, body=RegisterClientResponseBody(session_id='2UFK1xmAdUqYY2Zn', page_patch=Page(_i=1, _c='Page', data=None, key=None, expand=None, expand_loose=False, col=12, opacity=1.0, tooltip=None, badge=None, visible=True, disabled=False, rtl=False, adaptive=None, views=[View(_i=3, _c='View', data=None, key=None, expand=None, expand_loose=False, col=12, opacity=1.0, tooltip=None, badge=None, visible=True, disabled=False, rtl=False, width=None, height=None, left=None, top=None, right=None, bottom=None, align=None, margin=None, rotate=None, scale=None, offset=None, flip=None, transform=None, aspect_ratio=None, animate_opacity=None, animate_size=None, animate_position=None, animate_align=None, animate_margin=None, animate_rotation=None, animate_scale=None, animate_offset=None, size_change_interval=10, on_size_change=None, on_animation_end=None, scroll=None, auto_scroll=False, scroll_interval=10, on_scroll=None, controls=[], route='/', appbar=None, bottom_appbar=None, floating_action_button=None, floating_action_button_location=None, navigation_bar=None, drawer=None, end_drawer=None, vertical_alignment=<MainAxisAlignment.START: 'start'>, horizontal_alignment=<CrossAxisAlignment.START: 'start'>, spacing=10, padding=Padding(left=10, top=10, right=10, bottom=10), bgcolor=None, decoration=None, foreground_decoration=None, fullscreen_dialog=False, services=[], can_pop=True, on_confirm_pop=None)], theme_mode=<ThemeMode.SYSTEM: 'system'>, theme=None, dark_theme=None, theme_animation_style=None, locale_configuration=None, show_semantics_debugger=None, title=None, enable_screenshots=False, on_resize=None, on_media_change=None, media=PageMediaData(padding=Padding(left=0, top=0, right=0, bottom=0), view_padding=Padding(left=0, top=0, right=0, bottom=0), view_insets=Padding(left=0, top=0, right=0, bottom=0), device_pixel_ratio=1.0, orientation=<Orientation.LANDSCAPE: 'landscape'>, always_use_24_hour_format=True), width=1280.0, height=720.0, _overlay=Overlay(_i=4, _c='Overlay', data=None, key=None, controls=[]), _dialogs=Dialogs(_i=5, _c='Dialogs', data=None, key=None, controls=[]), multi_views=[], window=Window(_i=2, _c='Window', data=None, key=None, bgcolor=None, width=1280.0, height=720.0, top=42.0, left=42.0, max_width=None, max_height=None, min_width=None, min_height=None, opacity=1.0, aspect_ratio=None, brightness=None, maximized=False, minimized=False, minimizable=True, maximizable=True, resizable=True, movable=True, full_screen=False, always_on_top=False, always_on_bottom=False, prevent_close=False, skip_task_bar=False, title_bar_hidden=False, title_bar_buttons_hidden=False, frameless=False, progress_bar=None, focused=False, visible=True, shadow=True, alignment=None, badge_label=None, icon=None, ignore_mouse_events=False, on_event=None), route='/', web=False, pwa=False, debug=False, wasm=False, test=False, multi_view=False, pyodide=False, platform_brightness=<Brightness.LIGHT: 'light'>, client_ip=None, client_user_agent=None, platform=<PagePlatform.LINUX: 'linux'>, fonts=None, on_platform_brightness_change=None, on_locale_change=None, on_app_lifecycle_state_change=None, on_route_change=None, on_view_pop=None, on_views_pop_until=None, on_keyboard_event=None, on_connect=None, on_disconnect=None, on_close=None, on_login=None, on_logout=None, on_error=None, on_multi_view_add=None, on_multi_view_remove=None, _services=ServiceRegistry(_i=7, _c='ServiceRegistry', data=None, key=None, _services=[])), error=''))
2026-07-03 15:35:30,809 - INFO - App session started
2026-07-03 15:35:30,809 - INFO - Main function started!
2026-07-03 15:35:30,815 - INFO - Configuring page properties...
2026-07-03 15:35:30,817 - CRITICAL - CRITICAL ERROR in main: Icon.__init__() got an unexpected keyword argument 'name'
2026-07-03 15:43:11,652 - DEBUG - Using selector: EpollSelector
2026-07-03 15:43:11,653 - INFO - Assets path configured: /home/henry/Documents/Projects/Python/ScrcpyUltimateLink/assets
2026-07-03 15:43:11,654 - DEBUG - Creating new PubSubHub instance
2026-07-03 15:43:11,657 - INFO - Starting up UDS server on /tmp/i0vCaJFZca
2026-07-03 15:43:11,657 - INFO - Flet app has started...
2026-07-03 15:43:11,685 - INFO - App URL: /tmp/i0vCaJFZca
2026-07-03 15:43:11,685 - INFO - Starting Flet View app...
2026-07-03 15:43:11,701 - INFO - Downloading Flet v0.85.2 from https://github.com/flet-dev/flet/releases/download/v0.85.2/flet-linux-ubuntu24.04-light-amd64.tar.gz
2026-07-03 15:44:40,682 - DEBUG - Using selector: EpollSelector
2026-07-03 15:44:40,683 - INFO - Assets path configured: /home/henry/Documents/Projects/Python/ScrcpyUltimateLink/assets
2026-07-03 15:44:40,690 - DEBUG - Creating new PubSubHub instance
2026-07-03 15:44:40,692 - INFO - Starting up UDS server on /tmp/sesNulSLjB
2026-07-03 15:44:40,693 - INFO - Flet app has started...
2026-07-03 15:45:45,339 - DEBUG - No active connection to terminate.
2026-07-03 15:45:45,340 - DEBUG - Connected new socket client
2026-07-03 15:45:45,342 - DEBUG - _on_message: ClientAction.REGISTER_CLIENT {'session_id': None, 'page_name': 'tmp/sesNulSLjB', 'page': {'route': '/', 'pwa': False, 'web': False, 'debug': False, 'wasm': False, 'test': False, 'multi_view': False, 'pyodide': False, 'platform_brightness': 'light', 'width': 1280.0, 'height': 720.0, 'platform': 'linux', 'window': {'maximized': False, 'minimized': False, 'full_screen': False, 'always_on_top': False, 'focused': False, 'visible': True, 'width': 1280.0, 'height': 720.0, 'top': 42.0, 'left': 42.0, 'opacity': 1.0}, 'media': {'padding': {'top': 0.0, 'right': 0.0, 'bottom': 0.0, 'left': 0.0}, 'view_padding': {'top': 0.0, 'right': 0.0, 'bottom': 0.0, 'left': 0.0}, 'view_insets': {'top': 0.0, 'right': 0.0, 'bottom': 0.0, 'left': 0.0}, 'device_pixel_ratio': 1.0, 'orientation': 'landscape', 'always_use_24_hour_format': True}}}
2026-07-03 15:45:45,349 - DEBUG - Page(1 - 125877878840096).did_mount()
2026-07-03 15:45:45,350 - DEBUG - View(3 - 125877878840048).did_mount()
2026-07-03 15:45:45,351 - DEBUG - Overlay(4 - 125877878840384).did_mount()
2026-07-03 15:45:45,351 - DEBUG - Dialogs(5 - 125877878840432).did_mount()
2026-07-03 15:45:45,351 - DEBUG - Window(2 - 125877878840480).did_mount()
2026-07-03 15:45:45,351 - DEBUG - ServiceRegistry(7 - 125877878840528).did_mount()
2026-07-03 15:45:45,351 - DEBUG - send_message: ClientMessage(action=<ClientAction.REGISTER_CLIENT: 1>, body=RegisterClientResponseBody(session_id='TTAGzv1wgpSDBmhT', page_patch=Page(_i=1, _c='Page', data=None, key=None, expand=None, expand_loose=False, col=12, opacity=1.0, tooltip=None, badge=None, visible=True, disabled=False, rtl=False, adaptive=None, views=[View(_i=3, _c='View', data=None, key=None, expand=None, expand_loose=False, col=12, opacity=1.0, tooltip=None, badge=None, visible=True, disabled=False, rtl=False, width=None, height=None, left=None, top=None, right=None, bottom=None, align=None, margin=None, rotate=None, scale=None, offset=None, flip=None, transform=None, aspect_ratio=None, animate_opacity=None, animate_size=None, animate_position=None, animate_align=None, animate_margin=None, animate_rotation=None, animate_scale=None, animate_offset=None, size_change_interval=10, on_size_change=None, on_animation_end=None, scroll=None, auto_scroll=False, scroll_interval=10, on_scroll=None, controls=[], route='/', appbar=None, bottom_appbar=None, floating_action_button=None, floating_action_button_location=None, navigation_bar=None, drawer=None, end_drawer=None, vertical_alignment=<MainAxisAlignment.START: 'start'>, horizontal_alignment=<CrossAxisAlignment.START: 'start'>, spacing=10, padding=Padding(left=10, top=10, right=10, bottom=10), bgcolor=None, decoration=None, foreground_decoration=None, fullscreen_dialog=False, services=[], can_pop=True, on_confirm_pop=None)], theme_mode=<ThemeMode.SYSTEM: 'system'>, theme=None, dark_theme=None, theme_animation_style=None, locale_configuration=None, show_semantics_debugger=None, title=None, enable_screenshots=False, on_resize=None, on_media_change=None, media=PageMediaData(padding=Padding(left=0, top=0, right=0, bottom=0), view_padding=Padding(left=0, top=0, right=0, bottom=0), view_insets=Padding(left=0, top=0, right=0, bottom=0), device_pixel_ratio=1.0, orientation=<Orientation.LANDSCAPE: 'landscape'>, always_use_24_hour_format=True), width=1280.0, height=720.0, _overlay=Overlay(_i=4, _c='Overlay', data=None, key=None, controls=[]), _dialogs=Dialogs(_i=5, _c='Dialogs', data=None, key=None, controls=[]), multi_views=[], window=Window(_i=2, _c='Window', data=None, key=None, bgcolor=None, width=1280.0, height=720.0, top=42.0, left=42.0, max_width=None, max_height=None, min_width=None, min_height=None, opacity=1.0, aspect_ratio=None, brightness=None, maximized=False, minimized=False, minimizable=True, maximizable=True, resizable=True, movable=True, full_screen=False, always_on_top=False, always_on_bottom=False, prevent_close=False, skip_task_bar=False, title_bar_hidden=False, title_bar_buttons_hidden=False, frameless=False, progress_bar=None, focused=False, visible=True, shadow=True, alignment=None, badge_label=None, icon=None, ignore_mouse_events=False, on_event=None), route='/', web=False, pwa=False, debug=False, wasm=False, test=False, multi_view=False, pyodide=False, platform_brightness=<Brightness.LIGHT: 'light'>, client_ip=None, client_user_agent=None, platform=<PagePlatform.LINUX: 'linux'>, fonts=None, on_platform_brightness_change=None, on_locale_change=None, on_app_lifecycle_state_change=None, on_route_change=None, on_view_pop=None, on_views_pop_until=None, on_keyboard_event=None, on_connect=None, on_disconnect=None, on_close=None, on_login=None, on_logout=None, on_error=None, on_multi_view_add=None, on_multi_view_remove=None, _services=ServiceRegistry(_i=7, _c='ServiceRegistry', data=None, key=None, _services=[])), error=''))
2026-07-03 15:45:45,354 - INFO - App session started
2026-07-03 15:45:45,354 - INFO - Main function started!
2026-07-03 15:45:45,367 - DEBUG - send_message: ClientMessage(action=<ClientAction.PATCH_CONTROL: 2>, body=PatchControlBody(id=1, patch=[[0, {'views': [1, {0: [2]}]}], [<Operation.Replace: 0>, 0, 'title', 'Scrcpy Ultimate Link 🎀'], [<Operation.Replace: 0>, 2, 'bgcolor', '#FFF0F5'], [<Operation.Replace: 0>, 2, 'controls', [Text(_i=9, _c='Text', data=None, key=None, expand=None, expand_loose=False, col=12, opacity=1.0, tooltip=None, badge=None, visible=True, disabled=False, rtl=False, width=None, height=None, left=None, top=None, right=None, bottom=None, align=None, margin=None, rotate=None, scale=None, offset=None, flip=None, transform=None, aspect_ratio=None, animate_opacity=None, animate_size=None, animate_position=None, animate_align=None, animate_margin=None, animate_rotation=None, animate_scale=None, animate_offset=None, size_change_interval=10, on_size_change=None, on_animation_end=None, value='SAY HELLO, HENNY! 💖✨', spans=None, text_align=<TextAlign.START: 'start'>, font_family=None, font_family_fallback=None, size=30, weight=None, italic=False, style=None, theme_style=None, max_lines=None, overflow=<TextOverflow.CLIP: 'clip'>, selectable=None, no_wrap=None, color=None, bgcolor=None, semantics_label=None, show_selection_cursor=False, enable_interactive_selection=True, selection_cursor_width=2.0, selection_cursor_height=None, selection_cursor_color=None, on_tap=None, on_selection_change=None)]]]))
2026-07-03 15:45:45,367 - DEBUG - Text(9 - 125877878841392).did_mount()
2026-07-03 15:45:45,368 - INFO - Page updated successfully!
2026-07-03 15:45:45,368 - INFO - Listener starting...
2026-07-03 15:45:45,403 - DEBUG - _on_message: ClientAction.UPDATE_CONTROL_PROPS {'id': 1, 'props': {'platform_brightness': 'light'}}
2026-07-03 15:45:45,404 - DEBUG - _on_message: ClientAction.CONTROL_EVENT {'target': 1, 'name': 'platform_brightness_change', 'data': 'light'}
2026-07-03 15:45:45,404 - DEBUG - _on_message: ClientAction.UPDATE_CONTROL_PROPS {'id': 1, 'props': {'media': {'padding': {'top': 0.0, 'right': 0.0, 'bottom': 0.0, 'left': 0.0}, 'view_padding': {'top': 0.0, 'right': 0.0, 'bottom': 0.0, 'left': 0.0}, 'view_insets': {'top': 0.0, 'right': 0.0, 'bottom': 0.0, 'left': 0.0}, 'device_pixel_ratio': 1.0, 'orientation': 'landscape', 'always_use_24_hour_format': True}}}
2026-07-03 15:45:45,404 - DEBUG - _on_message: ClientAction.UPDATE_CONTROL_PROPS {'id': 1, 'props': {'width': 1280.0, 'height': 720.0}}
2026-07-03 15:45:45,404 - DEBUG - _on_message: ClientAction.UPDATE_CONTROL_PROPS {'id': 2, 'props': {'maximized': False, 'minimized': False, 'full_screen': False, 'always_on_top': False, 'focused': False, 'visible': True, 'width': 1280.0, 'height': 720.0, 'top': 42.0, 'left': 42.0, 'opacity': 1.0}}
2026-07-03 15:45:45,406 - DEBUG - Trigger event Page(1 - 125877878840096).on_platform_brightness_change Event(name='platform_brightness_change', data='light')
2026-07-03 15:45:56,635 - DEBUG - _on_message: ClientAction.UPDATE_CONTROL_PROPS {'id': 2, 'props': {'maximized': False, 'minimized': False, 'full_screen': False, 'always_on_top': False, 'focused': False, 'visible': True, 'width': 1280.0, 'height': 720.0, 'top': 42.0, 'left': 42.0, 'opacity': 1.0}}
2026-07-03 15:45:57,667 - DEBUG - _on_message: ClientAction.UPDATE_CONTROL_PROPS {'id': 2, 'props': {'maximized': False, 'minimized': False, 'full_screen': False, 'always_on_top': False, 'focused': False, 'visible': True, 'width': 1280.0, 'height': 720.0, 'top': 420.0, 'left': 367.0, 'opacity': 1.0}}
2026-07-03 15:45:58,919 - DEBUG - _on_message: ClientAction.UPDATE_CONTROL_PROPS {'id': 2, 'props': {'maximized': False, 'minimized': False, 'full_screen': False, 'always_on_top': False, 'focused': False, 'visible': True, 'width': 1280.0, 'height': 720.0, 'top': 420.0, 'left': 367.0, 'opacity': 1.0}}
2026-07-03 15:46:00,355 - DEBUG - _on_message: ClientAction.UPDATE_CONTROL_PROPS {'id': 2, 'props': {'maximized': False, 'minimized': False, 'full_screen': False, 'always_on_top': False, 'focused': False, 'visible': True, 'width': 1280.0, 'height': 720.0, 'top': 420.0, 'left': 367.0, 'opacity': 1.0}}
2026-07-03 15:46:01,090 - DEBUG - _on_message: ClientAction.CONTROL_EVENT {'target': 1, 'name': 'app_lifecycle_state_change', 'data': {'state': 'inactive'}}
2026-07-03 15:46:01,091 - DEBUG - Trigger event Page(1 - 125877878840096).on_app_lifecycle_state_change AppLifecycleStateChangeEvent(name='app_lifecycle_state_change', data=None, state=<AppLifecycleState.INACTIVE: 'inactive'>)
2026-07-03 15:46:01,143 - DEBUG - _on_message: ClientAction.UPDATE_CONTROL_PROPS {'id': 2, 'props': {'maximized': False, 'minimized': False, 'full_screen': False, 'always_on_top': False, 'focused': False, 'visible': True, 'width': 1280.0, 'height': 720.0, 'top': 420.0, 'left': 367.0, 'opacity': 1.0}}
2026-07-03 15:46:15,441 - DEBUG - _on_message: ClientAction.CONTROL_EVENT {'target': 1, 'name': 'app_lifecycle_state_change', 'data': {'state': 'resume'}}
2026-07-03 15:46:15,442 - DEBUG - Trigger event Page(1 - 125877878840096).on_app_lifecycle_state_change AppLifecycleStateChangeEvent(name='app_lifecycle_state_change', data=None, state=<AppLifecycleState.RESUME: 'resume'>)
2026-07-03 15:46:15,497 - DEBUG - _on_message: ClientAction.UPDATE_CONTROL_PROPS {'id': 2, 'props': {'maximized': False, 'minimized': False, 'full_screen': False, 'always_on_top': False, 'focused': False, 'visible': True, 'width': 1280.0, 'height': 720.0, 'top': 420.0, 'left': 367.0, 'opacity': 1.0}}
2026-07-03 15:46:15,514 - DEBUG - _on_message: ClientAction.UPDATE_CONTROL_PROPS {'id': 2, 'props': {'maximized': False, 'minimized': False, 'full_screen': False, 'always_on_top': False, 'focused': False, 'visible': True, 'width': 1280.0, 'height': 720.0, 'top': 420.0, 'left': 367.0, 'opacity': 1.0}}
2026-07-03 15:46:15,990 - DEBUG - _on_message: ClientAction.UPDATE_CONTROL_PROPS {'id': 2, 'props': {'maximized': False, 'minimized': False, 'full_screen': False, 'always_on_top': False, 'focused': False, 'visible': True, 'width': 1280.0, 'height': 720.0, 'top': 535.0, 'left': 378.0, 'opacity': 1.0}}
2026-07-03 15:46:19,790 - DEBUG - _on_message: ClientAction.CONTROL_EVENT {'target': 1, 'name': 'app_lifecycle_state_change', 'data': {'state': 'inactive'}}
2026-07-03 15:46:19,792 - DEBUG - Trigger event Page(1 - 125877878840096).on_app_lifecycle_state_change AppLifecycleStateChangeEvent(name='app_lifecycle_state_change', data=None, state=<AppLifecycleState.INACTIVE: 'inactive'>)
2026-07-03 15:46:19,871 - DEBUG - _on_message: ClientAction.UPDATE_CONTROL_PROPS {'id': 2, 'props': {'maximized': False, 'minimized': False, 'full_screen': False, 'always_on_top': False, 'focused': False, 'visible': True, 'width': 1280.0, 'height': 720.0, 'top': 535.0, 'left': 378.0, 'opacity': 1.0}}
2026-07-03 15:46:28,810 - DEBUG - Gracefully terminating Flet app...
2026-07-03 15:46:28,810 - DEBUG - Closing connection...
2026-07-03 15:46:28,811 - DEBUG - Terminating existing connection (close()).
2026-07-03 15:46:28,811 - DEBUG - Closing expired session: TTAGzv1wgpSDBmhT
2026-07-03 15:46:28,811 - DEBUG - pubsub.unsubscribe_all(TTAGzv1wgpSDBmhT)
2026-07-03 15:46:28,811 - DEBUG - pubsub.__unsubscribe(TTAGzv1wgpSDBmhT)
2026-07-03 15:46:28,812 - DEBUG - Trigger event Page(1 - 125877878840096).on_close Event(name='close', data=None)
2026-07-03 15:46:28,812 - DEBUG - Receive loop cancelled.
2026-07-03 15:46:28,813 - DEBUG - Receive loop exiting.
2026-07-03 15:46:28,813 - DEBUG - Send loop cancelled.
2026-07-03 15:46:28,813 - DEBUG - Send loop exiting.
2026-07-03 15:46:28,813 - INFO - Session was garbage collected: TTAGzv1wgpSDBmhT
2026-07-03 15:46:28,813 - DEBUG - Shutting down TCP server...
2026-07-03 15:46:28,813 - DEBUG - Shutting down thread pool...
2026-07-03 15:46:28,813 - DEBUG - Cancelling pending tasks...
2026-07-03 15:46:28,813 - DEBUG - Connection writer closed.
2026-07-03 15:46:28,814 - DEBUG - Connection closed.
